<?xml version="1.0" encoding="UTF-8"?>
<!-- Generated by org.testng.reporters.JUnitXMLReporter -->
<testsuite ignored="2" hostname="A2ML18833" failures="0" tests="2" name="LOG IN WITH USERNAME AND PASSWORD" time="2.338" errors="0" timestamp="22 Feb 2019 18:11:18 GMT">
  <testcase classname="pageObjects.SignOnPage" name="signOnPageSignOn" time="2.317"/>
  <testcase classname="pageObjects.ReservationPage" name="reservationPageVerifySignIn" time="0.018"/>
  <testcase classname="pageObjects.ReservationPage" name="reservationPageRoundwayTrip" time="0.0">
    <ignored/>
  </testcase> <!-- reservationPageRoundwayTrip -->
  <testcase classname="pageObjects.ReservationPage" name="reservationPageOnewayTrip" time="0.0">
    <ignored/>
  </testcase> <!-- reservationPageOnewayTrip -->
</testsuite> <!-- LOG IN WITH USERNAME AND PASSWORD -->
