<?xml version="1.0" encoding="UTF-8"?>
<testng-results ignored="0" total="2" passed="2" failed="0" skipped="0">
  <reporter-output>
  </reporter-output>
  <suite started-at="2018-12-12T14:28:15Z" name="Trial Suite" finished-at="2018-12-12T14:28:18Z" duration-ms="2412">
    <groups>
    </groups>
    <test started-at="2018-12-12T14:28:15Z" name="Test" finished-at="2018-12-12T14:28:18Z" duration-ms="2412">
      <class name="one.Testing">
        <test-method signature="login()[pri:0, instance:one.Testing@28d6290]" started-at="2018-12-12T14:28:15Z" name="login" finished-at="2018-12-12T14:28:17Z" duration-ms="1640" status="PASS">
          <reporter-output>
          </reporter-output>
        </test-method> <!-- login -->
        <test-method signature="navigateToSignOn()[pri:0, instance:one.Testing@28d6290]" started-at="2018-12-12T14:28:17Z" name="navigateToSignOn" finished-at="2018-12-12T14:28:18Z" duration-ms="739" status="PASS">
          <reporter-output>
          </reporter-output>
        </test-method> <!-- navigateToSignOn -->
        <test-method is-config="true" signature="closeBrowser()[pri:0, instance:one.Testing@28d6290]" started-at="2018-12-12T14:28:18Z" name="closeBrowser" finished-at="2018-12-12T14:28:18Z" duration-ms="716" status="PASS">
          <reporter-output>
          </reporter-output>
        </test-method> <!-- closeBrowser -->
      </class> <!-- one.Testing -->
    </test> <!-- Test -->
  </suite> <!-- Trial Suite -->
</testng-results>
