<?xml version="1.0" encoding="UTF-8"?>
<!-- Generated by org.testng.reporters.JUnitXMLReporter -->
<testsuite ignored="4" hostname="A2ML18833" failures="0" tests="5" name="CLICK ON REGISTER PAGE AND REGISTER" time="4.975" errors="0" timestamp="22 Feb 2019 18:11:04 GMT">
  <testcase classname="pageObjects.HomePage" name="homePageClickOnRegister" time="0.997"/>
  <testcase classname="pageObjects.RegisterPage" name="registerPageVerifyRegisterPage" time="0.018"/>
  <testcase classname="pageObjects.RegisterPage" name="registerPageFillContactInformation" time="0.524"/>
  <testcase classname="pageObjects.RegisterPage" name="registerPageFillMailingInformation" time="0.881"/>
  <testcase classname="pageObjects.RegisterPage" name="registerPageFillUserInformationAndClickSubmitButton" time="2.544"/>
  <testcase classname="pageObjects.HomePage" name="homePageLogin" time="0.0">
    <ignored/>
  </testcase> <!-- homePageLogin -->
  <testcase classname="pageObjects.HomePage" name="homePageVerifyHomePage" time="0.0">
    <ignored/>
  </testcase> <!-- homePageVerifyHomePage -->
  <testcase classname="pageObjects.RegisterPage" name="registerPageClickOnSignInLink" time="0.0">
    <ignored/>
  </testcase> <!-- registerPageClickOnSignInLink -->
  <testcase classname="pageObjects.RegisterPage" name="registerPageVerifyRegistered" time="0.0">
    <ignored/>
  </testcase> <!-- registerPageVerifyRegistered -->
</testsuite> <!-- CLICK ON REGISTER PAGE AND REGISTER -->
