<?xml version="1.0" encoding="UTF-8"?>
<!-- Generated by org.testng.reporters.JUnitXMLReporter -->
<testsuite ignored="5" hostname="A2ML18833" failures="0" tests="1" name="LAND IN REGISTER PAGE AND VERIFY THE SAME" time="0.118" errors="0" timestamp="22 Feb 2019 18:11:04 GMT">
  <testcase classname="pageObjects.RegisterPage" name="registerPageVerifyRegistered" time="0.117"/>
  <testcase classname="pageObjects.RegisterPage" name="registerPageClickOnSignInLink" time="0.0">
    <ignored/>
  </testcase> <!-- registerPageClickOnSignInLink -->
  <testcase classname="pageObjects.RegisterPage" name="registerPageVerifyRegisterPage" time="0.0">
    <ignored/>
  </testcase> <!-- registerPageVerifyRegisterPage -->
  <testcase classname="pageObjects.RegisterPage" name="registerPageFillMailingInformation" time="0.0">
    <ignored/>
  </testcase> <!-- registerPageFillMailingInformation -->
  <testcase classname="pageObjects.RegisterPage" name="registerPageFillUserInformationAndClickSubmitButton" time="0.0">
    <ignored/>
  </testcase> <!-- registerPageFillUserInformationAndClickSubmitButton -->
  <testcase classname="pageObjects.RegisterPage" name="registerPageFillContactInformation" time="0.0">
    <ignored/>
  </testcase> <!-- registerPageFillContactInformation -->
</testsuite> <!-- LAND IN REGISTER PAGE AND VERIFY THE SAME -->
