<?xml version="1.0" encoding="UTF-8"?>
<!-- Generated by org.testng.reporters.JUnitXMLReporter -->
<testsuite ignored="1" hostname="A2ML18833" failures="0" tests="2" name="NAVIGATE To HOME PAGE" time="1.481" errors="0" timestamp="22 Feb 2019 18:10:59 GMT">
  <testcase classname="pageObjects.HomePage" name="homePageLogin" time="1.408"/>
  <testcase classname="pageObjects.HomePage" name="homePageVerifyHomePage" time="0.054"/>
  <testcase classname="pageObjects.HomePage" name="homePageClickOnRegister" time="0.0">
    <ignored/>
  </testcase> <!-- homePageClickOnRegister -->
</testsuite> <!-- NAVIGATE To HOME PAGE -->
