<?xml version="1.0" encoding="UTF-8"?>
<!-- Generated by org.testng.reporters.JUnitXMLReporter -->
<testsuite ignored="3" hostname="A2ML18833" failures="0" tests="3" name="ONEWAY RESERVATION FILL DETAILS" time="3.749" errors="0" timestamp="22 Feb 2019 18:11:11 GMT">
  <testcase classname="pageObjects.ReservationPage" name="reservationPageOnewayTrip" time="2.15"/>
  <testcase classname="pageObjects.FlightDetailPage" name="flighDetailPageOneWay" time="0.098"/>
  <testcase classname="pageObjects.FlightDetailPage" name="flightDetailPageClickOnContinue" time="1.497"/>
  <testcase classname="pageObjects.ReservationPage" name="reservationPageRoundwayTrip" time="0.0">
    <ignored/>
  </testcase> <!-- reservationPageRoundwayTrip -->
  <testcase classname="pageObjects.FlightDetailPage" name="flighDetailPageOtherWay" time="0.0">
    <ignored/>
  </testcase> <!-- flighDetailPageOtherWay -->
  <testcase classname="pageObjects.ReservationPage" name="reservationPageVerifySignIn" time="0.0">
    <ignored/>
  </testcase> <!-- reservationPageVerifySignIn -->
</testsuite> <!-- ONEWAY RESERVATION FILL DETAILS -->
