<?xml version="1.0" encoding="UTF-8"?>
<!-- Generated by org.testng.reporters.JUnitXMLReporter -->
<testsuite ignored="1" hostname="A2ML18833" failures="0" tests="3" name="VERIFY FLIGHT DETAILS" time="3.636" errors="0" timestamp="22 Feb 2019 18:11:15 GMT">
  <testcase classname="pageObjects.PaymentPage" name="pamentPageVerifyPaymentPage" time="0.01"/>
  <testcase classname="pageObjects.PaymentPage" name="paymentPageVerifySourceDestinationDateNumberOFPassengerPriceOneWay" time="0.281"/>
  <testcase classname="pageObjects.PaymentPage" name="paymentPageFillPassengerDetailCardDetailAndPay" time="3.343"/>
  <testcase classname="pageObjects.PaymentPage" name="paymentPageVerifySourceDestinationDateNumberOFPassengerPriceRoundWay" time="0.0">
    <ignored/>
  </testcase> <!-- paymentPageVerifySourceDestinationDateNumberOFPassengerPriceRoundWay -->
</testsuite> <!-- VERIFY FLIGHT DETAILS -->
