<?xml version="1.0" encoding="UTF-8"?>
<!-- Generated by org.testng.reporters.JUnitXMLReporter -->
<testsuite ignored="2" hostname="A2ML18833" failures="0" tests="4" name="ROUNDWAY RESERVATION FILL DETAILS" time="3.884" errors="0" timestamp="22 Feb 2019 18:11:22 GMT">
  <testcase classname="pageObjects.ReservationPage" name="reservationPageRoundwayTrip" time="2.258"/>
  <testcase classname="pageObjects.FlightDetailPage" name="flighDetailPageOneWay" time="0.065"/>
  <testcase classname="pageObjects.FlightDetailPage" name="flighDetailPageOtherWay" time="0.076"/>
  <testcase classname="pageObjects.FlightDetailPage" name="flightDetailPageClickOnContinue" time="1.48"/>
  <testcase classname="pageObjects.ReservationPage" name="reservationPageOnewayTrip" time="0.0">
    <ignored/>
  </testcase> <!-- reservationPageOnewayTrip -->
  <testcase classname="pageObjects.ReservationPage" name="reservationPageVerifySignIn" time="0.0">
    <ignored/>
  </testcase> <!-- reservationPageVerifySignIn -->
</testsuite> <!-- ROUNDWAY RESERVATION FILL DETAILS -->
