<?xml version="1.0" encoding="UTF-8"?>
<!-- Generated by org.testng.reporters.JUnitXMLReporter -->
<testsuite ignored="1" hostname="A2ML18833" failures="0" tests="3" name="VERIFY FLIGHT DETAILS" time="3.788" errors="0" timestamp="22 Feb 2019 18:11:26 GMT">
  <testcase classname="pageObjects.PaymentPage" name="pamentPageVerifyPaymentPage" time="0.006"/>
  <testcase classname="pageObjects.PaymentPage" name="paymentPageVerifySourceDestinationDateNumberOFPassengerPriceRoundWay" time="0.392"/>
  <testcase classname="pageObjects.PaymentPage" name="paymentPageFillPassengerDetailCardDetailAndPay" time="3.384"/>
  <testcase classname="pageObjects.PaymentPage" name="paymentPageVerifySourceDestinationDateNumberOFPassengerPriceOneWay" time="0.0">
    <ignored/>
  </testcase> <!-- paymentPageVerifySourceDestinationDateNumberOFPassengerPriceOneWay -->
</testsuite> <!-- VERIFY FLIGHT DETAILS -->
