<?xml version="1.0" encoding="UTF-8"?>
<!-- Generated by org.testng.reporters.JUnitXMLReporter -->
<testsuite ignored="0" hostname="A2ML18833" failures="0" tests="3" name="VERIFY PAGE , TAKE PRINTOUT AND LOGOUT" time="1.158" errors="0" timestamp="22 Feb 2019 18:11:27 GMT">
  <testcase classname="pageObjects.ConfirmationPage" name="conformationPageVerifyPage" time="0.01"/>
  <testcase classname="pageObjects.ConfirmationPage" name="conformationPagePrintTicket" time="0.078"/>
  <testcase classname="pageObjects.ConfirmationPage" name="conformtionPageLogOut" time="1.068"/>
</testsuite> <!-- VERIFY PAGE , TAKE PRINTOUT AND LOGOUT -->
