<?xml version="1.0" encoding="UTF-8"?>
<!-- Generated by org.testng.reporters.JUnitXMLReporter -->
<testsuite ignored="7" hostname="A2ML18833" failures="0" tests="3" name="LOG IN WITH USERNAME AND PASSWORD" time="3.1" errors="0" timestamp="22 Feb 2019 18:11:07 GMT">
  <testcase classname="pageObjects.RegisterPage" name="registerPageClickOnSignInLink" time="0.764"/>
  <testcase classname="pageObjects.SignOnPage" name="signOnPageSignOn" time="2.317"/>
  <testcase classname="pageObjects.ReservationPage" name="reservationPageVerifySignIn" time="0.016"/>
  <testcase classname="pageObjects.ReservationPage" name="reservationPageRoundwayTrip" time="0.0">
    <ignored/>
  </testcase> <!-- reservationPageRoundwayTrip -->
  <testcase classname="pageObjects.RegisterPage" name="registerPageVerifyRegistered" time="0.0">
    <ignored/>
  </testcase> <!-- registerPageVerifyRegistered -->
  <testcase classname="pageObjects.RegisterPage" name="registerPageVerifyRegisterPage" time="0.0">
    <ignored/>
  </testcase> <!-- registerPageVerifyRegisterPage -->
  <testcase classname="pageObjects.ReservationPage" name="reservationPageOnewayTrip" time="0.0">
    <ignored/>
  </testcase> <!-- reservationPageOnewayTrip -->
  <testcase classname="pageObjects.RegisterPage" name="registerPageFillMailingInformation" time="0.0">
    <ignored/>
  </testcase> <!-- registerPageFillMailingInformation -->
  <testcase classname="pageObjects.RegisterPage" name="registerPageFillUserInformationAndClickSubmitButton" time="0.0">
    <ignored/>
  </testcase> <!-- registerPageFillUserInformationAndClickSubmitButton -->
  <testcase classname="pageObjects.RegisterPage" name="registerPageFillContactInformation" time="0.0">
    <ignored/>
  </testcase> <!-- registerPageFillContactInformation -->
</testsuite> <!-- LOG IN WITH USERNAME AND PASSWORD -->
