<?xml version="1.0" encoding="UTF-8"?>
<testng-results ignored="26" total="58" passed="32" failed="0" skipped="0">
  <reporter-output>
  </reporter-output>
  <suite started-at="2019-02-22T18:10:58Z" name="REGISTER" finished-at="2019-02-22T18:11:04Z" duration-ms="6608">
    <groups>
    </groups>
    <test started-at="2019-02-22T18:10:58Z" name="NAVIGATE To HOME PAGE" finished-at="2019-02-22T18:10:59Z" duration-ms="1481">
      <class name="pageObjects.HomePage">
        <test-method signature="homePageLogin()[pri:0, instance:pageObjects.HomePage@8a62297]" started-at="2019-02-22T18:10:58Z" name="homePageLogin" finished-at="2019-02-22T18:10:59Z" duration-ms="1408" status="PASS">
          <reporter-output>
          </reporter-output>
        </test-method> <!-- homePageLogin -->
        <test-method signature="homePageVerifyHomePage()[pri:0, instance:pageObjects.HomePage@8a62297]" started-at="2019-02-22T18:10:59Z" name="homePageVerifyHomePage" finished-at="2019-02-22T18:10:59Z" duration-ms="54" status="PASS">
          <reporter-output>
          </reporter-output>
        </test-method> <!-- homePageVerifyHomePage -->
      </class> <!-- pageObjects.HomePage -->
    </test> <!-- NAVIGATE To HOME PAGE -->
    <test started-at="2019-02-22T18:10:59Z" name="CLICK ON REGISTER PAGE AND REGISTER" finished-at="2019-02-22T18:11:04Z" duration-ms="4975">
      <class name="pageObjects.HomePage">
        <test-method signature="homePageClickOnRegister()[pri:0, instance:pageObjects.HomePage@56ba8773]" started-at="2019-02-22T18:10:59Z" name="homePageClickOnRegister" finished-at="2019-02-22T18:11:00Z" duration-ms="997" status="PASS">
          <reporter-output>
          </reporter-output>
        </test-method> <!-- homePageClickOnRegister -->
      </class> <!-- pageObjects.HomePage -->
      <class name="pageObjects.RegisterPage">
        <test-method signature="registerPageVerifyRegisterPage()[pri:0, instance:pageObjects.RegisterPage@6ceb7b5e]" started-at="2019-02-22T18:11:00Z" name="registerPageVerifyRegisterPage" finished-at="2019-02-22T18:11:00Z" duration-ms="18" status="PASS">
          <reporter-output>
          </reporter-output>
        </test-method> <!-- registerPageVerifyRegisterPage -->
        <test-method signature="registerPageFillContactInformation()[pri:0, instance:pageObjects.RegisterPage@6ceb7b5e]" started-at="2019-02-22T18:11:00Z" name="registerPageFillContactInformation" finished-at="2019-02-22T18:11:01Z" duration-ms="524" status="PASS">
          <reporter-output>
          </reporter-output>
        </test-method> <!-- registerPageFillContactInformation -->
        <test-method signature="registerPageFillMailingInformation()[pri:0, instance:pageObjects.RegisterPage@6ceb7b5e]" started-at="2019-02-22T18:11:01Z" name="registerPageFillMailingInformation" finished-at="2019-02-22T18:11:02Z" duration-ms="881" status="PASS">
          <reporter-output>
          </reporter-output>
        </test-method> <!-- registerPageFillMailingInformation -->
        <test-method signature="registerPageFillUserInformationAndClickSubmitButton()[pri:0, instance:pageObjects.RegisterPage@6ceb7b5e]" started-at="2019-02-22T18:11:02Z" name="registerPageFillUserInformationAndClickSubmitButton" finished-at="2019-02-22T18:11:04Z" duration-ms="2544" status="PASS">
          <reporter-output>
          </reporter-output>
        </test-method> <!-- registerPageFillUserInformationAndClickSubmitButton -->
      </class> <!-- pageObjects.RegisterPage -->
    </test> <!-- CLICK ON REGISTER PAGE AND REGISTER -->
    <test started-at="2019-02-22T18:11:04Z" name="LAND IN REGISTER PAGE AND VERIFY THE SAME" finished-at="2019-02-22T18:11:04Z" duration-ms="118">
      <class name="pageObjects.RegisterPage">
        <test-method signature="registerPageVerifyRegistered()[pri:0, instance:pageObjects.RegisterPage@6f952d6c]" started-at="2019-02-22T18:11:04Z" name="registerPageVerifyRegistered" finished-at="2019-02-22T18:11:04Z" duration-ms="117" status="PASS">
          <reporter-output>
          </reporter-output>
        </test-method> <!-- registerPageVerifyRegistered -->
      </class> <!-- pageObjects.RegisterPage -->
    </test> <!-- LAND IN REGISTER PAGE AND VERIFY THE SAME -->
  </suite> <!-- REGISTER -->
  <suite started-at="2019-02-22T18:10:58Z" name="INIT" finished-at="2019-02-22T18:10:58Z" duration-ms="21">
    <groups>
    </groups>
    <test started-at="2019-02-22T18:10:58Z" name="BEFORE TEST RUN" finished-at="2019-02-22T18:10:58Z" duration-ms="21">
      <class name="utils.BeforeTestRequirements">
        <test-method is-config="true" signature="createOutputFile()[pri:0, instance:utils.BeforeTestRequirements@61d01788]" started-at="2019-02-22T18:10:58Z" name="createOutputFile" finished-at="2019-02-22T18:10:58Z" duration-ms="28" status="PASS">
          <reporter-output>
          </reporter-output>
        </test-method> <!-- createOutputFile -->
      </class> <!-- utils.BeforeTestRequirements -->
    </test> <!-- BEFORE TEST RUN -->
  </suite> <!-- INIT -->
  <suite started-at="2019-02-22T18:11:07Z" name="ONEWAY TICKET" finished-at="2019-02-22T18:11:16Z" duration-ms="8605">
    <groups>
    </groups>
    <test started-at="2019-02-22T18:11:07Z" name="ONEWAY RESERVATION FILL DETAILS" finished-at="2019-02-22T18:11:11Z" duration-ms="3749">
      <class name="pageObjects.FlightDetailPage">
        <test-method signature="flighDetailPageOneWay()[pri:0, instance:pageObjects.FlightDetailPage@4455f57d]" started-at="2019-02-22T18:11:10Z" name="flighDetailPageOneWay" finished-at="2019-02-22T18:11:10Z" duration-ms="98" status="PASS">
          <reporter-output>
          </reporter-output>
        </test-method> <!-- flighDetailPageOneWay -->
        <test-method signature="flightDetailPageClickOnContinue()[pri:0, instance:pageObjects.FlightDetailPage@4455f57d]" started-at="2019-02-22T18:11:10Z" name="flightDetailPageClickOnContinue" finished-at="2019-02-22T18:11:11Z" duration-ms="1497" status="PASS">
          <reporter-output>
          </reporter-output>
        </test-method> <!-- flightDetailPageClickOnContinue -->
      </class> <!-- pageObjects.FlightDetailPage -->
      <class name="pageObjects.ReservationPage">
        <test-method signature="reservationPageOnewayTrip()[pri:0, instance:pageObjects.ReservationPage@878537d]" started-at="2019-02-22T18:11:07Z" name="reservationPageOnewayTrip" finished-at="2019-02-22T18:11:10Z" duration-ms="2150" status="PASS">
          <reporter-output>
          </reporter-output>
        </test-method> <!-- reservationPageOnewayTrip -->
      </class> <!-- pageObjects.ReservationPage -->
    </test> <!-- ONEWAY RESERVATION FILL DETAILS -->
    <test started-at="2019-02-22T18:11:11Z" name="VERIFY FLIGHT DETAILS" finished-at="2019-02-22T18:11:15Z" duration-ms="3636">
      <class name="pageObjects.PaymentPage">
        <test-method signature="pamentPageVerifyPaymentPage()[pri:0, instance:pageObjects.PaymentPage@4c27d39d]" started-at="2019-02-22T18:11:11Z" name="pamentPageVerifyPaymentPage" finished-at="2019-02-22T18:11:11Z" duration-ms="10" status="PASS">
          <reporter-output>
          </reporter-output>
        </test-method> <!-- pamentPageVerifyPaymentPage -->
        <test-method signature="paymentPageVerifySourceDestinationDateNumberOFPassengerPriceOneWay()[pri:0, instance:pageObjects.PaymentPage@4c27d39d]" started-at="2019-02-22T18:11:11Z" name="paymentPageVerifySourceDestinationDateNumberOFPassengerPriceOneWay" finished-at="2019-02-22T18:11:12Z" duration-ms="281" status="PASS">
          <reporter-output>
          </reporter-output>
        </test-method> <!-- paymentPageVerifySourceDestinationDateNumberOFPassengerPriceOneWay -->
        <test-method signature="paymentPageFillPassengerDetailCardDetailAndPay()[pri:0, instance:pageObjects.PaymentPage@4c27d39d]" started-at="2019-02-22T18:11:12Z" name="paymentPageFillPassengerDetailCardDetailAndPay" finished-at="2019-02-22T18:11:15Z" duration-ms="3343" status="PASS">
          <reporter-output>
          </reporter-output>
        </test-method> <!-- paymentPageFillPassengerDetailCardDetailAndPay -->
      </class> <!-- pageObjects.PaymentPage -->
    </test> <!-- VERIFY FLIGHT DETAILS -->
    <test started-at="2019-02-22T18:11:15Z" name="VERIFY PAGE , TAKE PRINTOUT AND LOGOUT" finished-at="2019-02-22T18:11:16Z" duration-ms="1203">
      <class name="pageObjects.ConfirmationPage">
        <test-method signature="conformationPageVerifyPage()[pri:0, instance:pageObjects.ConfirmationPage@ecfbe91]" started-at="2019-02-22T18:11:15Z" name="conformationPageVerifyPage" finished-at="2019-02-22T18:11:15Z" duration-ms="11" status="PASS">
          <reporter-output>
          </reporter-output>
        </test-method> <!-- conformationPageVerifyPage -->
        <test-method signature="conformationPagePrintTicket()[pri:0, instance:pageObjects.ConfirmationPage@ecfbe91]" started-at="2019-02-22T18:11:15Z" name="conformationPagePrintTicket" finished-at="2019-02-22T18:11:15Z" duration-ms="75" status="PASS">
          <reporter-output>
          </reporter-output>
        </test-method> <!-- conformationPagePrintTicket -->
        <test-method signature="conformtionPageLogOut()[pri:0, instance:pageObjects.ConfirmationPage@ecfbe91]" started-at="2019-02-22T18:11:15Z" name="conformtionPageLogOut" finished-at="2019-02-22T18:11:16Z" duration-ms="1111" status="PASS">
          <reporter-output>
          </reporter-output>
        </test-method> <!-- conformtionPageLogOut -->
      </class> <!-- pageObjects.ConfirmationPage -->
    </test> <!-- VERIFY PAGE , TAKE PRINTOUT AND LOGOUT -->
  </suite> <!-- ONEWAY TICKET -->
  <suite started-at="2019-02-22T18:11:18Z" name="TWOWAY TICKET" finished-at="2019-02-22T18:11:27Z" duration-ms="8856">
    <groups>
    </groups>
    <test started-at="2019-02-22T18:11:18Z" name="ROUNDWAY RESERVATION FILL DETAILS" finished-at="2019-02-22T18:11:22Z" duration-ms="3884">
      <class name="pageObjects.FlightDetailPage">
        <test-method signature="flighDetailPageOneWay()[pri:0, instance:pageObjects.FlightDetailPage@4d23015c]" started-at="2019-02-22T18:11:21Z" name="flighDetailPageOneWay" finished-at="2019-02-22T18:11:21Z" duration-ms="65" status="PASS">
          <reporter-output>
          </reporter-output>
        </test-method> <!-- flighDetailPageOneWay -->
        <test-method signature="flighDetailPageOtherWay()[pri:0, instance:pageObjects.FlightDetailPage@4d23015c]" started-at="2019-02-22T18:11:21Z" name="flighDetailPageOtherWay" finished-at="2019-02-22T18:11:21Z" duration-ms="76" status="PASS">
          <reporter-output>
          </reporter-output>
        </test-method> <!-- flighDetailPageOtherWay -->
        <test-method signature="flightDetailPageClickOnContinue()[pri:0, instance:pageObjects.FlightDetailPage@4d23015c]" started-at="2019-02-22T18:11:21Z" name="flightDetailPageClickOnContinue" finished-at="2019-02-22T18:11:22Z" duration-ms="1480" status="PASS">
          <reporter-output>
          </reporter-output>
        </test-method> <!-- flightDetailPageClickOnContinue -->
      </class> <!-- pageObjects.FlightDetailPage -->
      <class name="pageObjects.ReservationPage">
        <test-method signature="reservationPageRoundwayTrip()[pri:0, instance:pageObjects.ReservationPage@2032e725]" started-at="2019-02-22T18:11:18Z" name="reservationPageRoundwayTrip" finished-at="2019-02-22T18:11:21Z" duration-ms="2258" status="PASS">
          <reporter-output>
          </reporter-output>
        </test-method> <!-- reservationPageRoundwayTrip -->
      </class> <!-- pageObjects.ReservationPage -->
    </test> <!-- ROUNDWAY RESERVATION FILL DETAILS -->
    <test started-at="2019-02-22T18:11:22Z" name="VERIFY FLIGHT DETAILS" finished-at="2019-02-22T18:11:26Z" duration-ms="3788">
      <class name="pageObjects.PaymentPage">
        <test-method signature="pamentPageVerifyPaymentPage()[pri:0, instance:pageObjects.PaymentPage@3766c667]" started-at="2019-02-22T18:11:22Z" name="pamentPageVerifyPaymentPage" finished-at="2019-02-22T18:11:22Z" duration-ms="6" status="PASS">
          <reporter-output>
          </reporter-output>
        </test-method> <!-- pamentPageVerifyPaymentPage -->
        <test-method signature="paymentPageVerifySourceDestinationDateNumberOFPassengerPriceRoundWay()[pri:0, instance:pageObjects.PaymentPage@3766c667]" started-at="2019-02-22T18:11:22Z" name="paymentPageVerifySourceDestinationDateNumberOFPassengerPriceRoundWay" finished-at="2019-02-22T18:11:23Z" duration-ms="392" status="PASS">
          <reporter-output>
          </reporter-output>
        </test-method> <!-- paymentPageVerifySourceDestinationDateNumberOFPassengerPriceRoundWay -->
        <test-method signature="paymentPageFillPassengerDetailCardDetailAndPay()[pri:0, instance:pageObjects.PaymentPage@3766c667]" started-at="2019-02-22T18:11:23Z" name="paymentPageFillPassengerDetailCardDetailAndPay" finished-at="2019-02-22T18:11:26Z" duration-ms="3384" status="PASS">
          <reporter-output>
          </reporter-output>
        </test-method> <!-- paymentPageFillPassengerDetailCardDetailAndPay -->
      </class> <!-- pageObjects.PaymentPage -->
    </test> <!-- VERIFY FLIGHT DETAILS -->
    <test started-at="2019-02-22T18:11:26Z" name="VERIFY PAGE , TAKE PRINTOUT AND LOGOUT" finished-at="2019-02-22T18:11:27Z" duration-ms="1158">
      <class name="pageObjects.ConfirmationPage">
        <test-method signature="conformationPageVerifyPage()[pri:0, instance:pageObjects.ConfirmationPage@3e48e859]" started-at="2019-02-22T18:11:26Z" name="conformationPageVerifyPage" finished-at="2019-02-22T18:11:26Z" duration-ms="10" status="PASS">
          <reporter-output>
          </reporter-output>
        </test-method> <!-- conformationPageVerifyPage -->
        <test-method signature="conformationPagePrintTicket()[pri:0, instance:pageObjects.ConfirmationPage@3e48e859]" started-at="2019-02-22T18:11:26Z" name="conformationPagePrintTicket" finished-at="2019-02-22T18:11:26Z" duration-ms="78" status="PASS">
          <reporter-output>
          </reporter-output>
        </test-method> <!-- conformationPagePrintTicket -->
        <test-method signature="conformtionPageLogOut()[pri:0, instance:pageObjects.ConfirmationPage@3e48e859]" started-at="2019-02-22T18:11:26Z" name="conformtionPageLogOut" finished-at="2019-02-22T18:11:27Z" duration-ms="1068" status="PASS">
          <reporter-output>
          </reporter-output>
        </test-method> <!-- conformtionPageLogOut -->
      </class> <!-- pageObjects.ConfirmationPage -->
    </test> <!-- VERIFY PAGE , TAKE PRINTOUT AND LOGOUT -->
  </suite> <!-- TWOWAY TICKET -->
  <suite started-at="2019-02-22T18:11:04Z" name="SIGNIN" finished-at="2019-02-22T18:11:07Z" duration-ms="3100">
    <groups>
    </groups>
    <test started-at="2019-02-22T18:11:04Z" name="LOG IN WITH USERNAME AND PASSWORD" finished-at="2019-02-22T18:11:07Z" duration-ms="3100">
      <class name="pageObjects.RegisterPage">
        <test-method signature="registerPageClickOnSignInLink()[pri:0, instance:pageObjects.RegisterPage@5f404594]" started-at="2019-02-22T18:11:04Z" name="registerPageClickOnSignInLink" finished-at="2019-02-22T18:11:05Z" duration-ms="764" status="PASS">
          <reporter-output>
          </reporter-output>
        </test-method> <!-- registerPageClickOnSignInLink -->
      </class> <!-- pageObjects.RegisterPage -->
      <class name="pageObjects.SignOnPage">
        <test-method signature="signOnPageSignOn()[pri:0, instance:pageObjects.SignOnPage@53692008]" started-at="2019-02-22T18:11:05Z" name="signOnPageSignOn" finished-at="2019-02-22T18:11:07Z" duration-ms="2317" status="PASS">
          <reporter-output>
          </reporter-output>
        </test-method> <!-- signOnPageSignOn -->
      </class> <!-- pageObjects.SignOnPage -->
      <class name="pageObjects.ReservationPage">
        <test-method signature="reservationPageVerifySignIn()[pri:0, instance:pageObjects.ReservationPage@7b2a3ff8]" started-at="2019-02-22T18:11:07Z" name="reservationPageVerifySignIn" finished-at="2019-02-22T18:11:07Z" duration-ms="16" status="PASS">
          <reporter-output>
          </reporter-output>
        </test-method> <!-- reservationPageVerifySignIn -->
      </class> <!-- pageObjects.ReservationPage -->
    </test> <!-- LOG IN WITH USERNAME AND PASSWORD -->
  </suite> <!-- SIGNIN -->
  <suite started-at="2019-02-22T18:11:27Z" name="FINAL" finished-at="2019-02-22T18:11:27Z" duration-ms="1">
    <groups>
    </groups>
    <test started-at="2019-02-22T18:11:27Z" name="AFTER TEST RUN" finished-at="2019-02-22T18:11:27Z" duration-ms="1">
      <class name="utils.AfterTestRequirements">
        <test-method is-config="true" signature="closeAllBrowser()[pri:0, instance:utils.AfterTestRequirements@319854f0]" started-at="2019-02-22T18:11:27Z" name="closeAllBrowser" finished-at="2019-02-22T18:11:28Z" duration-ms="1042" status="PASS">
          <reporter-output>
          </reporter-output>
        </test-method> <!-- closeAllBrowser -->
      </class> <!-- utils.AfterTestRequirements -->
    </test> <!-- AFTER TEST RUN -->
  </suite> <!-- FINAL -->
  <suite started-at="2019-02-22T18:11:16Z" name="SIGNIN (0)" finished-at="2019-02-22T18:11:18Z" duration-ms="2338">
    <groups>
    </groups>
    <test started-at="2019-02-22T18:11:16Z" name="LOG IN WITH USERNAME AND PASSWORD" finished-at="2019-02-22T18:11:18Z" duration-ms="2338">
      <class name="pageObjects.SignOnPage">
        <test-method signature="signOnPageSignOn()[pri:0, instance:pageObjects.SignOnPage@65004ff6]" started-at="2019-02-22T18:11:16Z" name="signOnPageSignOn" finished-at="2019-02-22T18:11:18Z" duration-ms="2317" status="PASS">
          <reporter-output>
          </reporter-output>
        </test-method> <!-- signOnPageSignOn -->
      </class> <!-- pageObjects.SignOnPage -->
      <class name="pageObjects.ReservationPage">
        <test-method signature="reservationPageVerifySignIn()[pri:0, instance:pageObjects.ReservationPage@4cafa9aa]" started-at="2019-02-22T18:11:18Z" name="reservationPageVerifySignIn" finished-at="2019-02-22T18:11:18Z" duration-ms="18" status="PASS">
          <reporter-output>
          </reporter-output>
        </test-method> <!-- reservationPageVerifySignIn -->
      </class> <!-- pageObjects.ReservationPage -->
    </test> <!-- LOG IN WITH USERNAME AND PASSWORD -->
  </suite> <!-- SIGNIN (0) -->
  <suite started-at="2019-02-22T18:11:29Z" name="selenium201" finished-at="2019-02-22T18:11:29Z" duration-ms="0">
    <groups>
    </groups>
  </suite> <!-- selenium201 -->
</testng-results>
