<?xml version="1.0" encoding="UTF-8"?>
<testsuite xmlns:xsi="http://www.w3.org/2001/XMLSchema-instance" xsi:noNamespaceSchemaLocation="https://maven.apache.org/surefire/maven-surefire-plugin/xsd/surefire-test-report-3.0.xsd" version="3.0" name="TestSuite" time="36.543" tests="32" errors="0" skipped="0" failures="0">
  <properties>
[...]
</properties>
  <testcase name="homePageLogin" classname="pageObjects.HomePage" time="1.406"/>
  <testcase name="homePageVerifyHomePage" classname="pageObjects.HomePage" time="0.053"/>
  <testcase name="homePageClickOnRegister" classname="pageObjects.HomePage" time="0.998"/>
  <testcase name="registerPageVerifyRegisterPage" classname="pageObjects.RegisterPage" time="0.018"/>
  <testcase name="registerPageFillContactInformation" classname="pageObjects.RegisterPage" time="0.525"/>
  <testcase name="registerPageFillMailingInformation" classname="pageObjects.RegisterPage" time="0.881"/>
  <testcase name="registerPageFillUserInformationAndClickSubmitButton" classname="pageObjects.RegisterPage" time="2.544"/>
  <testcase name="registerPageVerifyRegistered" classname="pageObjects.RegisterPage" time="0.117"/>
  <testcase name="registerPageClickOnSignInLink" classname="pageObjects.RegisterPage" time="0.764"/>
  <testcase name="signOnPageSignOn" classname="pageObjects.SignOnPage" time="2.319"/>
  <testcase name="signOnPageSignOn" classname="pageObjects.SignOnPage" time="2.317"/>
  <testcase name="reservationPageVerifySignIn" classname="pageObjects.ReservationPage" time="0.016"/>
  <testcase name="reservationPageVerifySignIn" classname="pageObjects.ReservationPage" time="0.017"/>
  <testcase name="reservationPageOnewayTrip" classname="pageObjects.ReservationPage" time="2.15"/>
  <testcase name="flighDetailPageOneWay" classname="pageObjects.FlightDetailPage" time="0.095"/>
  <testcase name="flighDetailPageOneWay" classname="pageObjects.FlightDetailPage" time="0.065"/>
  <testcase name="flightDetailPageClickOnContinue" classname="pageObjects.FlightDetailPage" time="1.497"/>
  <testcase name="flightDetailPageClickOnContinue" classname="pageObjects.FlightDetailPage" time="1.479"/>
  <testcase name="pamentPageVerifyPaymentPage" classname="pageObjects.PaymentPage" time="0.009"/>
  <testcase name="pamentPageVerifyPaymentPage" classname="pageObjects.PaymentPage" time="0.007"/>
  <testcase name="paymentPageVerifySourceDestinationDateNumberOFPassengerPriceOneWay" classname="pageObjects.PaymentPage" time="0.281"/>
  <testcase name="paymentPageFillPassengerDetailCardDetailAndPay" classname="pageObjects.PaymentPage" time="3.344"/>
  <testcase name="paymentPageFillPassengerDetailCardDetailAndPay" classname="pageObjects.PaymentPage" time="3.384"/>
  <testcase name="conformationPageVerifyPage" classname="pageObjects.ConfirmationPage" time="0.011"/>
  <testcase name="conformationPageVerifyPage" classname="pageObjects.ConfirmationPage" time="0.01"/>
  <testcase name="conformationPagePrintTicket" classname="pageObjects.ConfirmationPage" time="0.075"/>
  <testcase name="conformationPagePrintTicket" classname="pageObjects.ConfirmationPage" time="0.078"/>
  <testcase name="conformtionPageLogOut" classname="pageObjects.ConfirmationPage" time="1.117"/>
  <testcase name="conformtionPageLogOut" classname="pageObjects.ConfirmationPage" time="1.067"/>
  <testcase name="reservationPageRoundwayTrip" classname="pageObjects.ReservationPage" time="2.258"/>
  <testcase name="flighDetailPageOtherWay" classname="pageObjects.FlightDetailPage" time="0.077"/>
  <testcase name="paymentPageVerifySourceDestinationDateNumberOFPassengerPriceRoundWay" classname="pageObjects.PaymentPage" time="0.391"/>
</testsuite>